<?xml version="1.0" encoding="UTF-8" ?>
<testsuite tests="13" failures="0" name="at.campus.iit.StringQueueTest" time="0.005" errors="0" skipped="0">
  <properties>
    <property name="idea.version" value="2018.3.5"/>
    <property name="java.runtime.name" value="Java(TM) SE Runtime Environment"/>
    <property name="java.vm.version" value="11+28"/>
    <property name="sun.boot.library.path" value="/Library/Java/JavaVirtualMachines/jdk-11.jdk/Contents/Home/lib"/>
    <property name="gopherProxySet" value="false"/>
    <property name="maven.multiModuleProjectDirectory" value="/Users/mathiasgsell/OneDrive - FH CAMPUS 02/BSD/SS19/KON2/Uebung/05_Vertiefende Gesamtwiederholung/19-Abgabe04-Lamprecht-Gsell/Queue"/>
    <property name="java.vm.vendor" value="Oracle Corporation"/>
    <property name="java.vendor.url" value="http://java.oracle.com/"/>
    <property name="guice.disable.misplaced.annotation.check" value="true"/>
    <property name="path.separator" value=":"/>
    <property name="java.vm.name" value="Java HotSpot(TM) 64-Bit Server VM"/>
    <property name="sun.os.patch.level" value="unknown"/>
    <property name="user.country" value="AT"/>
    <property name="sun.java.launcher" value="SUN_STANDARD"/>
    <property name="java.vm.specification.name" value="Java Virtual Machine Specification"/>
    <property name="user.dir" value="/Users/mathiasgsell/OneDrive - FH CAMPUS 02/BSD/SS19/KON2/Uebung/05_Vertiefende Gesamtwiederholung/19-Abgabe04-Lamprecht-Gsell/Queue"/>
    <property name="java.vm.compressedOopsMode" value="Zero based"/>
    <property name="java.runtime.version" value="11+28"/>
    <property name="java.awt.graphicsenv" value="sun.awt.CGraphicsEnvironment"/>
    <property name="os.arch" value="x86_64"/>
    <property name="java.io.tmpdir" value="/var/folders/gy/hmn6p0bd5m39zh21lqvkch840000gn/T/"/>
    <property name="line.separator" value="
"/>
    <property name="java.vm.specification.vendor" value="Oracle Corporation"/>
    <property name="os.name" value="Mac OS X"/>
    <property name="classworlds.conf" value="/Applications/IntelliJ IDEA.app/Contents/plugins/maven/lib/maven3/bin/m2.conf"/>
    <property name="sun.jnu.encoding" value="UTF-8"/>
    <property name="java.library.path" value="/Users/mathiasgsell/Library/Java/Extensions:/Library/Java/Extensions:/Network/Library/Java/Extensions:/System/Library/Java/Extensions:/usr/lib/java:."/>
    <property name="jdk.debug" value="release"/>
    <property name="java.class.version" value="55.0"/>
    <property name="java.specification.name" value="Java Platform API Specification"/>
    <property name="sun.management.compiler" value="HotSpot 64-Bit Tiered Compilers"/>
    <property name="os.version" value="10.14.5"/>
    <property name="http.nonProxyHosts" value="local|*.local|169.254/16|*.169.254/16"/>
    <property name="user.home" value="/Users/mathiasgsell"/>
    <property name="user.timezone" value="Europe/Vienna"/>
    <property name="java.awt.printerjob" value="sun.lwawt.macosx.CPrinterJob"/>
    <property name="file.encoding" value="UTF-8"/>
    <property name="java.specification.version" value="11"/>
    <property name="user.name" value="mathiasgsell"/>
    <property name="java.class.path" value="/Applications/IntelliJ IDEA.app/Contents/plugins/maven/lib/maven3/boot/plexus-classworlds-2.5.2.jar"/>
    <property name="java.vm.specification.version" value="11"/>
    <property name="sun.arch.data.model" value="64"/>
    <property name="sun.java.command" value="org.codehaus.classworlds.Launcher -Didea.version=2018.3.5 test"/>
    <property name="java.home" value="/Library/Java/JavaVirtualMachines/jdk-11.jdk/Contents/Home"/>
    <property name="user.language" value="de"/>
    <property name="java.specification.vendor" value="Oracle Corporation"/>
    <property name="awt.toolkit" value="sun.lwawt.macosx.LWCToolkit"/>
    <property name="java.vm.info" value="mixed mode"/>
    <property name="java.version" value="11"/>
    <property name="java.vendor" value="Oracle Corporation"/>
    <property name="maven.home" value="/Applications/IntelliJ IDEA.app/Contents/plugins/maven/lib/maven3"/>
    <property name="file.separator" value="/"/>
    <property name="java.version.date" value="2018-09-25"/>
    <property name="java.vendor.url.bug" value="http://bugreport.java.com/bugreport/"/>
    <property name="sun.io.unicode.encoding" value="UnicodeBig"/>
    <property name="sun.cpu.endian" value="little"/>
    <property name="java.vendor.version" value="18.9"/>
    <property name="socksNonProxyHosts" value="local|*.local|169.254/16|*.169.254/16"/>
    <property name="ftp.nonProxyHosts" value="local|*.local|169.254/16|*.169.254/16"/>
    <property name="sun.cpu.isalist" value=""/>
  </properties>
  <testcase classname="at.campus.iit.StringQueueTest" name="testOfferAndElement1" time="0.002"/>
  <testcase classname="at.campus.iit.StringQueueTest" name="testOfferAndElement2" time="0"/>
  <testcase classname="at.campus.iit.StringQueueTest" name="testOfferAndElemnt" time="0"/>
  <testcase classname="at.campus.iit.StringQueueTest" name="testElement1" time="0"/>
  <testcase classname="at.campus.iit.StringQueueTest" name="testOfferAndRemove1" time="0"/>
  <testcase classname="at.campus.iit.StringQueueTest" name="testOfferAndRemove2" time="0"/>
  <testcase classname="at.campus.iit.StringQueueTest" name="testOffer1" time="0.001"/>
  <testcase classname="at.campus.iit.StringQueueTest" name="testOffer2" time="0"/>
  <testcase classname="at.campus.iit.StringQueueTest" name="testAllMethods" time="0"/>
  <testcase classname="at.campus.iit.StringQueueTest" name="testOfferAndPeek1" time="0.001"/>
  <testcase classname="at.campus.iit.StringQueueTest" name="testOfferAndPeek2" time="0"/>
  <testcase classname="at.campus.iit.StringQueueTest" name="testOfferAndPoll1" time="0.001"/>
  <testcase classname="at.campus.iit.StringQueueTest" name="testOfferAndPoll2" time="0"/>
</testsuite>